[debug] [2026-04-13T21:14:28.914Z] ----------------------------------------------------------------------
[debug] [2026-04-13T21:14:28.918Z] Command:       C:\Program Files\nodejs\node.exe C:\Users\Moke Patrick Armel\AppData\Local\npm-cache\_npx\7750544ccf494d8b\node_modules\firebase-tools\lib\bin\firebase.js deploy --only firestore:rules --project monmatos-6b83b
[debug] [2026-04-13T21:14:28.918Z] CLI Version:   15.14.0
[debug] [2026-04-13T21:14:28.919Z] Platform:      win32
[debug] [2026-04-13T21:14:28.919Z] Node Version:  v25.9.0
[debug] [2026-04-13T21:14:28.919Z] Time:          Mon Apr 13 2026 21:14:28 GMT+0000 (temps universel coordonné)
[debug] [2026-04-13T21:14:28.919Z] ----------------------------------------------------------------------
[debug] 
[debug] [2026-04-13T21:14:28.925Z] >>> [apiv2][query] GET https://firebase-public.firebaseio.com/cli.json [none]
[debug] [2026-04-13T21:14:32.150Z] > command requires scopes: ["email","openid","https://www.googleapis.com/auth/cloudplatformprojects.readonly","https://www.googleapis.com/auth/firebase","https://www.googleapis.com/auth/cloud-platform"]
[debug] [2026-04-13T21:14:32.525Z] Error: Could not load the default credentials. Browse to https://cloud.google.com/docs/authentication/getting-started for more information.
    at GoogleAuth.getApplicationDefaultAsync (C:\Users\Moke Patrick Armel\AppData\Local\npm-cache\_npx\7750544ccf494d8b\node_modules\google-auth-library\build\src\auth\googleauth.js:287:15)
    at process.processTicksAndRejections (node:internal/process/task_queues:104:5)
    at async GoogleAuth._GoogleAuth_determineClient (C:\Users\Moke Patrick Armel\AppData\Local\npm-cache\_npx\7750544ccf494d8b\node_modules\google-auth-library\build\src\auth\googleauth.js:834:32)
    at async GoogleAuth.getClient (C:\Users\Moke Patrick Armel\AppData\Local\npm-cache\_npx\7750544ccf494d8b\node_modules\google-auth-library\build\src\auth\googleauth.js:698:20)
    at async GoogleAuth.getAccessToken (C:\Users\Moke Patrick Armel\AppData\Local\npm-cache\_npx\7750544ccf494d8b\node_modules\google-auth-library\build\src\auth\googleauth.js:722:24)
    at async autoAuth (C:\Users\Moke Patrick Armel\AppData\Local\npm-cache\_npx\7750544ccf494d8b\node_modules\firebase-tools\lib\requireAuth.js:28:19)
    at async requireAuth (C:\Users\Moke Patrick Armel\AppData\Local\npm-cache\_npx\7750544ccf494d8b\node_modules\firebase-tools\lib\requireAuth.js:90:20)
    at async requirePermissions (C:\Users\Moke Patrick Armel\AppData\Local\npm-cache\_npx\7750544ccf494d8b\node_modules\firebase-tools\lib\requirePermissions.js:17:5)
    at async C:\Users\Moke Patrick Armel\AppData\Local\npm-cache\_npx\7750544ccf494d8b\node_modules\firebase-tools\lib\command.js:277:17
[error] 
[error] Error: Failed to authenticate, have you run firebase login?
[debug] [2026-04-13T21:14:32.729Z] <<< [apiv2][status] GET https://firebase-public.firebaseio.com/cli.json 200
[debug] [2026-04-13T21:14:32.729Z] <<< [apiv2][body] GET https://firebase-public.firebaseio.com/cli.json {"cloudBuildErrorAfter":1594252800000,"cloudBuildWarnAfter":1590019200000,"defaultNode10After":1594252800000,"minVersion":"3.0.5","node8DeploysDisabledAfter":1613390400000,"node8RuntimeDisabledAfter":1615809600000,"node8WarnAfter":1600128000000}
[debug] [2026-04-13T21:14:32.795Z] Error: EBUSY: resource busy or locked, unlink 'C:\Users\Moke Patrick Armel\Desktop\MonMatos\firebase-debug.log'
    at Object.unlinkSync (node:fs:1916:11)
    at process.<anonymous> (C:\Users\Moke Patrick Armel\AppData\Local\npm-cache\_npx\7750544ccf494d8b\node_modules\firebase-tools\lib\bin\cli.js:44:16)
    at process.emit (node:events:521:24)
    at process.exit (node:internal/process/per_thread:236:15)
    at Timeout._onTimeout (C:\Users\Moke Patrick Armel\AppData\Local\npm-cache\_npx\7750544ccf494d8b\node_modules\firebase-tools\lib\errorOut.js:20:17)
    at listOnTimeout (node:internal/timers:605:17)
    at process.processTimers (node:internal/timers:541:7)
[error] 
[error] Error: An unexpected error has occurred.
